<?xml version="1.0" encoding="UTF-8"?>
<!-- Generated by org.testng.reporters.JUnitReportReporter -->
<testsuite skipped="0" hostname="NG-mini.local" name="mavenjava.Mobile" tests="2" failures="0" timestamp="21 Jan 2019 08:50:20 GMT" time="0.010" errors="0">
  <testcase name="NativeAndroid" time="0.007" classname="mavenjava.Mobile"/>
  <testcase name="IOS" time="0.003" classname="mavenjava.Mobile"/>
</testsuite> <!-- mavenjava.Mobile -->
