<?xml version="1.0" encoding="UTF-8"?>
<!-- Generated by org.testng.reporters.JUnitReportReporter -->
<testsuite skipped="0" hostname="NG-mini.local" name="mavenjava.Restapi" tests="2" failures="0" timestamp="21 Jan 2019 08:50:20 GMT" time="0.015" errors="0">
  <testcase name="deletetweeter" time="0.012" classname="mavenjava.Restapi"/>
  <testcase name="postJera" time="0.003" classname="mavenjava.Restapi"/>
</testsuite> <!-- mavenjava.Restapi -->
