<?xml version="1.0" encoding="UTF-8"?>
<!-- Generated by org.testng.reporters.JUnitReportReporter -->
<testsuite skipped="0" hostname="NG-mini.local" name="mavenjava.Qualick" tests="2" failures="0" timestamp="21 Jan 2019 09:06:55 GMT" time="0.002" errors="0">
  <testcase name="elementui" time="0.001" classname="mavenjava.Qualick"/>
  <testcase name="Seleniumautomation" time="0.001" classname="mavenjava.Qualick"/>
</testsuite> <!-- mavenjava.Qualick -->
