<?xml version="1.0" encoding="UTF-8"?>
<!-- Generated by org.testng.reporters.JUnitReportReporter -->
<testsuite skipped="0" hostname="NG-mini.local" name="mavenjava.Restapi" tests="2" failures="0" timestamp="21 Jan 2019 10:33:10 GMT" time="0.010" errors="0">
  <testcase name="postJera" time="0.000" classname="mavenjava.Restapi"/>
  <testcase name="deletetweeter" time="0.010" classname="mavenjava.Restapi"/>
</testsuite> <!-- mavenjava.Restapi -->
